<?xml version="1.0" encoding="UTF-8"?>
<!-- Generated by org.testng.reporters.JUnitXMLReporter -->
<testsuite ignored="0" hostname="GAURAV" failures="2" tests="10" name="Test" time="63.664" errors="0" timestamp="2025-02-27T22:00:54 IST">
  <testcase classname="com.swagLabs.testCases.TC_001LoginPageTest" name="verifyLoginWithDDT" time="0.664"/>
  <testcase classname="com.swagLabs.testCases.TC_001LoginPageTest" name="verifyLoginWithDDT" time="20.475">
    <failure type="java.lang.AssertionError" message="An exception occurred: no such element: Unable to locate element: {&amp;quot;method&amp;quot;:&amp;quot;css selector&amp;quot;,&amp;quot;selector&amp;quot;:&amp;quot;.title&amp;quot;}
  (Session info: MicrosoftEdge=133.0.3065.82)
For documentation on this error, please visit: https://www.selenium.dev/documentation/webdriver/troubleshooting/errors#no-such-element-exception
Build info: version: &amp;apos;4.28.1&amp;apos;, revision: &amp;apos;73f5ad48a2&amp;apos;
System info: os.name: &amp;apos;Windows 11&amp;apos;, os.arch: &amp;apos;amd64&amp;apos;, os.version: &amp;apos;10.0&amp;apos;, java.version: &amp;apos;22.0.2&amp;apos;
Driver info: org.openqa.selenium.edge.EdgeDriver
Command: [beb099b2020409164592adfe9e51e8e1, findElement {value=title, using=class name}]
Capabilities {acceptInsecureCerts: false, browserName: MicrosoftEdge, browserVersion: 133.0.3065.82, fedcm:accounts: true, ms:edgeOptions: {debuggerAddress: localhost:54486}, msedge: {msedgedriverVersion: 133.0.3065.82 (e8aeaf3e0117..., userDataDir: C:\Users\gaura\AppData\Loca...}, networkConnectionEnabled: false, pageLoadStrategy: normal, platformName: windows, proxy: Proxy(), se:cdp: ws://localhost:54486/devtoo..., se:cdpVersion: 133.0.3065.82, setWindowRect: true, strictFileInteractability: false, timeouts: {implicit: 0, pageLoad: 300000, script: 30000}, unhandledPromptBehavior: dismiss and notify, webauthn:extension:credBlob: true, webauthn:extension:largeBlob: true, webauthn:extension:minPinLength: true, webauthn:extension:prf: true, webauthn:virtualAuthenticators: true}
Session ID: beb099b2020409164592adfe9e51e8e1">
      <![CDATA[java.lang.AssertionError: An exception occurred: no such element: Unable to locate element: {"method":"css selector","selector":".title"}
  (Session info: MicrosoftEdge=133.0.3065.82)
For documentation on this error, please visit: https://www.selenium.dev/documentation/webdriver/troubleshooting/errors#no-such-element-exception
Build info: version: '4.28.1', revision: '73f5ad48a2'
System info: os.name: 'Windows 11', os.arch: 'amd64', os.version: '10.0', java.version: '22.0.2'
Driver info: org.openqa.selenium.edge.EdgeDriver
Command: [beb099b2020409164592adfe9e51e8e1, findElement {value=title, using=class name}]
Capabilities {acceptInsecureCerts: false, browserName: MicrosoftEdge, browserVersion: 133.0.3065.82, fedcm:accounts: true, ms:edgeOptions: {debuggerAddress: localhost:54486}, msedge: {msedgedriverVersion: 133.0.3065.82 (e8aeaf3e0117..., userDataDir: C:\Users\gaura\AppData\Loca...}, networkConnectionEnabled: false, pageLoadStrategy: normal, platformName: windows, proxy: Proxy(), se:cdp: ws://localhost:54486/devtoo..., se:cdpVersion: 133.0.3065.82, setWindowRect: true, strictFileInteractability: false, timeouts: {implicit: 0, pageLoad: 300000, script: 30000}, unhandledPromptBehavior: dismiss and notify, webauthn:extension:credBlob: true, webauthn:extension:largeBlob: true, webauthn:extension:minPinLength: true, webauthn:extension:prf: true, webauthn:virtualAuthenticators: true}
Session ID: beb099b2020409164592adfe9e51e8e1
at com.swagLabs.testCases.TC_001LoginPageTest.verifyLoginWithDDT(TC_001LoginPageTest.java:61)
at java.base/java.util.ArrayList.forEach(ArrayList.java:1597)
... Removed 26 stack frames]]>
    </failure>
  </testcase> <!-- verifyLoginWithDDT -->
  <testcase classname="com.swagLabs.testCases.TC_001LoginPageTest" name="verifyLoginWithDDT" time="0.516"/>
  <testcase classname="com.swagLabs.testCases.TC_002InventoryPageTest" name="testPageTitleIsDisplayed" time="0.048"/>
  <testcase classname="com.swagLabs.testCases.TC_002InventoryPageTest" name="addProductsToCart" time="0.721"/>
  <testcase classname="com.swagLabs.testCases.TC_003YourCartPageTest" name="testAddMultipleProductsToCart" time="0.458"/>
  <testcase classname="com.swagLabs.testCases.TC_003YourCartPageTest" name="testCheckout" time="20.066">
    <failure type="org.openqa.selenium.TimeoutException" message="Expected condition failed: waiting for visibility of element located by By.xpath: //div[@class=&amp;apos;inventory_item&amp;apos;] (tried for 10 second(s) with 500 milliseconds interval)
Build info: version: &amp;apos;4.28.1&amp;apos;, revision: &amp;apos;73f5ad48a2&amp;apos;
System info: os.name: &amp;apos;Windows 11&amp;apos;, os.arch: &amp;apos;amd64&amp;apos;, os.version: &amp;apos;10.0&amp;apos;, java.version: &amp;apos;22.0.2&amp;apos;
Driver info: org.openqa.selenium.edge.EdgeDriver
Capabilities {acceptInsecureCerts: false, browserName: MicrosoftEdge, browserVersion: 133.0.3065.82, fedcm:accounts: true, ms:edgeOptions: {debuggerAddress: localhost:54559}, msedge: {msedgedriverVersion: 133.0.3065.82 (e8aeaf3e0117..., userDataDir: C:\Users\gaura\AppData\Loca...}, networkConnectionEnabled: false, pageLoadStrategy: normal, platformName: windows, proxy: Proxy(), se:cdp: ws://localhost:54559/devtoo..., se:cdpVersion: 133.0.3065.82, setWindowRect: true, strictFileInteractability: false, timeouts: {implicit: 0, pageLoad: 300000, script: 30000}, unhandledPromptBehavior: dismiss and notify, webauthn:extension:credBlob: true, webauthn:extension:largeBlob: true, webauthn:extension:minPinLength: true, webauthn:extension:prf: true, webauthn:virtualAuthenticators: true}
Session ID: 6eb5f4fbda9d45d616aec107854cfb34">
      <![CDATA[org.openqa.selenium.TimeoutException: Expected condition failed: waiting for visibility of element located by By.xpath: //div[@class='inventory_item'] (tried for 10 second(s) with 500 milliseconds interval)
Build info: version: '4.28.1', revision: '73f5ad48a2'
System info: os.name: 'Windows 11', os.arch: 'amd64', os.version: '10.0', java.version: '22.0.2'
Driver info: org.openqa.selenium.edge.EdgeDriver
Capabilities {acceptInsecureCerts: false, browserName: MicrosoftEdge, browserVersion: 133.0.3065.82, fedcm:accounts: true, ms:edgeOptions: {debuggerAddress: localhost:54559}, msedge: {msedgedriverVersion: 133.0.3065.82 (e8aeaf3e0117..., userDataDir: C:\Users\gaura\AppData\Loca...}, networkConnectionEnabled: false, pageLoadStrategy: normal, platformName: windows, proxy: Proxy(), se:cdp: ws://localhost:54559/devtoo..., se:cdpVersion: 133.0.3065.82, setWindowRect: true, strictFileInteractability: false, timeouts: {implicit: 0, pageLoad: 300000, script: 30000}, unhandledPromptBehavior: dismiss and notify, webauthn:extension:credBlob: true, webauthn:extension:largeBlob: true, webauthn:extension:minPinLength: true, webauthn:extension:prf: true, webauthn:virtualAuthenticators: true}
Session ID: 6eb5f4fbda9d45d616aec107854cfb34
at org.openqa.selenium.support.ui.WebDriverWait.timeoutException(WebDriverWait.java:84)
at org.openqa.selenium.support.ui.FluentWait.until(FluentWait.java:228)
at com.swagLabs.pageObjects.BasePage.toAppear(BasePage.java:37)
at com.swagLabs.pageObjects.InventoryPage.getProductList(InventoryPage.java:43)
at com.swagLabs.pageObjects.InventoryPage.getProductName(InventoryPage.java:49)
at com.swagLabs.pageObjects.InventoryPage.addProductToCart(InventoryPage.java:58)
at com.swagLabs.testCases.TC_003YourCartPageTest.testCheckout(TC_003YourCartPageTest.java:53)
at java.base/java.util.ArrayList.forEach(ArrayList.java:1597)
... Removed 25 stack frames]]>
    </failure>
  </testcase> <!-- testCheckout -->
  <testcase classname="com.swagLabs.testCases.TC_004CheckoutYourInformationPageTest" name="testCheckOutPageHeading" time="0.041"/>
  <testcase classname="com.swagLabs.testCases.TC_004CheckoutYourInformationPageTest" name="testFillCheckoutFormAndContinue" time="0.308"/>
  <testcase classname="com.swagLabs.testCases.TC_005CheckoutOverviewPageTest" name="testPriceTotal" time="0.125"/>
</testsuite> <!-- Test -->
