<?xml version="1.0" encoding="UTF-8"?>
<testsuite xmlns:xsi="http://www.w3.org/2001/XMLSchema-instance" xsi:noNamespaceSchemaLocation="https://maven.apache.org/surefire/maven-surefire-plugin/xsd/surefire-test-report-3.0.xsd" version="3.0" name="TestSuite" time="154.13" tests="17" errors="0" skipped="0" failures="7">
  <properties>
[...]
</properties>
  <testcase name="verify_loginDDT[visual_user, secret_sauce, Valid](1)" classname="com.swagLabs.testCases.TC_001LoginPageTest" time="1.324">
    <system-out><![CDATA[On Start method invoked....
Name of test method started:verify_loginDDT
Name of test method sucessfully executed:verify_loginDDT
]]></system-out>
    <system-err><![CDATA[SLF4J(W): No SLF4J providers were found.
SLF4J(W): Defaulting to no-operation (NOP) logger implementation
SLF4J(W): See https://www.slf4j.org/codes.html#noProviders for further details.
SLF4J(W): Class path contains SLF4J bindings targeting slf4j-api versions 1.7.x or earlier.
SLF4J(W): Ignoring binding found at [jar:file:/C:/Users/gaura/.m2/repository/org/apache/logging/log4j/log4j-slf4j-impl/2.20.0/log4j-slf4j-impl-2.20.0.jar!/org/slf4j/impl/StaticLoggerBinder.class]
SLF4J(W): See https://www.slf4j.org/codes.html#ignoredBindings for an explanation.
Feb 26, 2025 10:45:45 PM org.openqa.selenium.devtools.CdpVersionFinder findNearestMatch
WARNING: Unable to find an exact match for CDP version 133, returning the closest version; found: 132; Please update to a Selenium version that supports CDP version 133
]]></system-err>
  </testcase>
  <testcase name="verify_loginDDT[performance_glitch_user, secret_saucew, Invalid](2)" classname="com.swagLabs.testCases.TC_001LoginPageTest" time="20.464">
    <failure message="An exception occurred: no such element: Unable to locate element: {&quot;method&quot;:&quot;css selector&quot;,&quot;selector&quot;:&quot;.title&quot;}&#10;  (Session info: MicrosoftEdge=133.0.3065.82)&#10;For documentation on this error, please visit: https://www.selenium.dev/documentation/webdriver/troubleshooting/errors#no-such-element-exception&#10;Build info: version: &apos;4.28.1&apos;, revision: &apos;73f5ad48a2&apos;&#10;System info: os.name: &apos;Windows 11&apos;, os.arch: &apos;amd64&apos;, os.version: &apos;10.0&apos;, java.version: &apos;17.0.8&apos;&#10;Driver info: org.openqa.selenium.edge.EdgeDriver&#10;Command: [0bcbe5e947babe5075537de2cfd982b5, findElement {using=class name, value=title}]&#10;Capabilities {acceptInsecureCerts: false, browserName: MicrosoftEdge, browserVersion: 133.0.3065.82, fedcm:accounts: true, ms:edgeOptions: {debuggerAddress: localhost:56009}, msedge: {msedgedriverVersion: 133.0.3065.82 (e8aeaf3e0117..., userDataDir: C:\Users\gaura\AppData\Loca...}, networkConnectionEnabled: false, pageLoadStrategy: normal, platformName: windows, proxy: Proxy(), se:cdp: ws://localhost:56009/devtoo..., se:cdpVersion: 133.0.3065.82, setWindowRect: true, strictFileInteractability: false, timeouts: {implicit: 0, pageLoad: 300000, script: 30000}, unhandledPromptBehavior: dismiss and notify, webauthn:extension:credBlob: true, webauthn:extension:largeBlob: true, webauthn:extension:minPinLength: true, webauthn:extension:prf: true, webauthn:virtualAuthenticators: true}&#10;Session ID: 0bcbe5e947babe5075537de2cfd982b5" type="java.lang.AssertionError"><![CDATA[java.lang.AssertionError: 
An exception occurred: no such element: Unable to locate element: {"method":"css selector","selector":".title"}
  (Session info: MicrosoftEdge=133.0.3065.82)
For documentation on this error, please visit: https://www.selenium.dev/documentation/webdriver/troubleshooting/errors#no-such-element-exception
Build info: version: '4.28.1', revision: '73f5ad48a2'
System info: os.name: 'Windows 11', os.arch: 'amd64', os.version: '10.0', java.version: '17.0.8'
Driver info: org.openqa.selenium.edge.EdgeDriver
Command: [0bcbe5e947babe5075537de2cfd982b5, findElement {using=class name, value=title}]
Capabilities {acceptInsecureCerts: false, browserName: MicrosoftEdge, browserVersion: 133.0.3065.82, fedcm:accounts: true, ms:edgeOptions: {debuggerAddress: localhost:56009}, msedge: {msedgedriverVersion: 133.0.3065.82 (e8aeaf3e0117..., userDataDir: C:\Users\gaura\AppData\Loca...}, networkConnectionEnabled: false, pageLoadStrategy: normal, platformName: windows, proxy: Proxy(), se:cdp: ws://localhost:56009/devtoo..., se:cdpVersion: 133.0.3065.82, setWindowRect: true, strictFileInteractability: false, timeouts: {implicit: 0, pageLoad: 300000, script: 30000}, unhandledPromptBehavior: dismiss and notify, webauthn:extension:credBlob: true, webauthn:extension:largeBlob: true, webauthn:extension:minPinLength: true, webauthn:extension:prf: true, webauthn:virtualAuthenticators: true}
Session ID: 0bcbe5e947babe5075537de2cfd982b5
	at org.testng.Assert.fail(Assert.java:111)
	at com.swagLabs.testCases.TC_001LoginPageTest.verify_loginDDT(TC_001LoginPageTest.java:51)
	at java.base/jdk.internal.reflect.NativeMethodAccessorImpl.invoke0(Native Method)
	at java.base/jdk.internal.reflect.NativeMethodAccessorImpl.invoke(NativeMethodAccessorImpl.java:77)
	at java.base/jdk.internal.reflect.DelegatingMethodAccessorImpl.invoke(DelegatingMethodAccessorImpl.java:43)
	at java.base/java.lang.reflect.Method.invoke(Method.java:568)
	at org.testng.internal.invokers.MethodInvocationHelper.invokeMethod(MethodInvocationHelper.java:141)
	at org.testng.internal.invokers.TestInvoker.invokeMethod(TestInvoker.java:687)
	at org.testng.internal.invokers.TestInvoker.invokeTestMethod(TestInvoker.java:230)
	at org.testng.internal.invokers.MethodRunner.runInSequence(MethodRunner.java:63)
	at org.testng.internal.invokers.TestInvoker$MethodInvocationAgent.invoke(TestInvoker.java:995)
	at org.testng.internal.invokers.TestInvoker.invokeTestMethods(TestInvoker.java:203)
	at org.testng.internal.invokers.TestMethodWorker.invokeTestMethods(TestMethodWorker.java:154)
	at org.testng.internal.invokers.TestMethodWorker.run(TestMethodWorker.java:134)
	at java.base/java.util.ArrayList.forEach(ArrayList.java:1511)
	at org.testng.TestRunner.privateRun(TestRunner.java:741)
	at org.testng.TestRunner.run(TestRunner.java:616)
	at org.testng.SuiteRunner.runTest(SuiteRunner.java:421)
	at org.testng.SuiteRunner.runSequentially(SuiteRunner.java:413)
	at org.testng.SuiteRunner.privateRun(SuiteRunner.java:373)
	at org.testng.SuiteRunner.run(SuiteRunner.java:312)
	at org.testng.SuiteRunnerWorker.runSuite(SuiteRunnerWorker.java:52)
	at org.testng.SuiteRunnerWorker.run(SuiteRunnerWorker.java:95)
	at org.testng.TestNG.runSuitesSequentially(TestNG.java:1274)
	at org.testng.TestNG.runSuitesLocally(TestNG.java:1208)
	at org.testng.TestNG.runSuites(TestNG.java:1112)
	at org.testng.TestNG.run(TestNG.java:1079)
	at org.apache.maven.surefire.testng.TestNGExecutor.run(TestNGExecutor.java:308)
	at org.apache.maven.surefire.testng.TestNGXmlTestSuite.execute(TestNGXmlTestSuite.java:71)
	at org.apache.maven.surefire.testng.TestNGProvider.invoke(TestNGProvider.java:113)
	at org.apache.maven.surefire.booter.ForkedBooter.runSuitesInProcess(ForkedBooter.java:385)
	at org.apache.maven.surefire.booter.ForkedBooter.execute(ForkedBooter.java:162)
	at org.apache.maven.surefire.booter.ForkedBooter.run(ForkedBooter.java:507)
	at org.apache.maven.surefire.booter.ForkedBooter.main(ForkedBooter.java:495)
]]></failure>
    <system-out><![CDATA[Name of test method started:verify_loginDDT
Name of test method failed:verify_loginDDT
]]></system-out>
  </testcase>
  <testcase name="verify_loginDDT[problem_user, secret_sauce, Valid](3)" classname="com.swagLabs.testCases.TC_001LoginPageTest" time="0.592">
    <system-out><![CDATA[Name of test method started:verify_loginDDT
Name of test method sucessfully executed:verify_loginDDT
]]></system-out>
  </testcase>
  <testcase name="verify_loginDDT[locked_out_user, secret_sauce, Valid](4)" classname="com.swagLabs.testCases.TC_001LoginPageTest" time="20.4">
    <failure message="An exception occurred: no such element: Unable to locate element: {&quot;method&quot;:&quot;css selector&quot;,&quot;selector&quot;:&quot;.title&quot;}&#10;  (Session info: MicrosoftEdge=133.0.3065.82)&#10;For documentation on this error, please visit: https://www.selenium.dev/documentation/webdriver/troubleshooting/errors#no-such-element-exception&#10;Build info: version: &apos;4.28.1&apos;, revision: &apos;73f5ad48a2&apos;&#10;System info: os.name: &apos;Windows 11&apos;, os.arch: &apos;amd64&apos;, os.version: &apos;10.0&apos;, java.version: &apos;17.0.8&apos;&#10;Driver info: org.openqa.selenium.edge.EdgeDriver&#10;Command: [0bcbe5e947babe5075537de2cfd982b5, findElement {using=class name, value=title}]&#10;Capabilities {acceptInsecureCerts: false, browserName: MicrosoftEdge, browserVersion: 133.0.3065.82, fedcm:accounts: true, ms:edgeOptions: {debuggerAddress: localhost:56009}, msedge: {msedgedriverVersion: 133.0.3065.82 (e8aeaf3e0117..., userDataDir: C:\Users\gaura\AppData\Loca...}, networkConnectionEnabled: false, pageLoadStrategy: normal, platformName: windows, proxy: Proxy(), se:cdp: ws://localhost:56009/devtoo..., se:cdpVersion: 133.0.3065.82, setWindowRect: true, strictFileInteractability: false, timeouts: {implicit: 0, pageLoad: 300000, script: 30000}, unhandledPromptBehavior: dismiss and notify, webauthn:extension:credBlob: true, webauthn:extension:largeBlob: true, webauthn:extension:minPinLength: true, webauthn:extension:prf: true, webauthn:virtualAuthenticators: true}&#10;Session ID: 0bcbe5e947babe5075537de2cfd982b5" type="java.lang.AssertionError"><![CDATA[java.lang.AssertionError: 
An exception occurred: no such element: Unable to locate element: {"method":"css selector","selector":".title"}
  (Session info: MicrosoftEdge=133.0.3065.82)
For documentation on this error, please visit: https://www.selenium.dev/documentation/webdriver/troubleshooting/errors#no-such-element-exception
Build info: version: '4.28.1', revision: '73f5ad48a2'
System info: os.name: 'Windows 11', os.arch: 'amd64', os.version: '10.0', java.version: '17.0.8'
Driver info: org.openqa.selenium.edge.EdgeDriver
Command: [0bcbe5e947babe5075537de2cfd982b5, findElement {using=class name, value=title}]
Capabilities {acceptInsecureCerts: false, browserName: MicrosoftEdge, browserVersion: 133.0.3065.82, fedcm:accounts: true, ms:edgeOptions: {debuggerAddress: localhost:56009}, msedge: {msedgedriverVersion: 133.0.3065.82 (e8aeaf3e0117..., userDataDir: C:\Users\gaura\AppData\Loca...}, networkConnectionEnabled: false, pageLoadStrategy: normal, platformName: windows, proxy: Proxy(), se:cdp: ws://localhost:56009/devtoo..., se:cdpVersion: 133.0.3065.82, setWindowRect: true, strictFileInteractability: false, timeouts: {implicit: 0, pageLoad: 300000, script: 30000}, unhandledPromptBehavior: dismiss and notify, webauthn:extension:credBlob: true, webauthn:extension:largeBlob: true, webauthn:extension:minPinLength: true, webauthn:extension:prf: true, webauthn:virtualAuthenticators: true}
Session ID: 0bcbe5e947babe5075537de2cfd982b5
	at org.testng.Assert.fail(Assert.java:111)
	at com.swagLabs.testCases.TC_001LoginPageTest.verify_loginDDT(TC_001LoginPageTest.java:51)
	at java.base/jdk.internal.reflect.NativeMethodAccessorImpl.invoke0(Native Method)
	at java.base/jdk.internal.reflect.NativeMethodAccessorImpl.invoke(NativeMethodAccessorImpl.java:77)
	at java.base/jdk.internal.reflect.DelegatingMethodAccessorImpl.invoke(DelegatingMethodAccessorImpl.java:43)
	at java.base/java.lang.reflect.Method.invoke(Method.java:568)
	at org.testng.internal.invokers.MethodInvocationHelper.invokeMethod(MethodInvocationHelper.java:141)
	at org.testng.internal.invokers.TestInvoker.invokeMethod(TestInvoker.java:687)
	at org.testng.internal.invokers.TestInvoker.invokeTestMethod(TestInvoker.java:230)
	at org.testng.internal.invokers.MethodRunner.runInSequence(MethodRunner.java:63)
	at org.testng.internal.invokers.TestInvoker$MethodInvocationAgent.invoke(TestInvoker.java:995)
	at org.testng.internal.invokers.TestInvoker.invokeTestMethods(TestInvoker.java:203)
	at org.testng.internal.invokers.TestMethodWorker.invokeTestMethods(TestMethodWorker.java:154)
	at org.testng.internal.invokers.TestMethodWorker.run(TestMethodWorker.java:134)
	at java.base/java.util.ArrayList.forEach(ArrayList.java:1511)
	at org.testng.TestRunner.privateRun(TestRunner.java:741)
	at org.testng.TestRunner.run(TestRunner.java:616)
	at org.testng.SuiteRunner.runTest(SuiteRunner.java:421)
	at org.testng.SuiteRunner.runSequentially(SuiteRunner.java:413)
	at org.testng.SuiteRunner.privateRun(SuiteRunner.java:373)
	at org.testng.SuiteRunner.run(SuiteRunner.java:312)
	at org.testng.SuiteRunnerWorker.runSuite(SuiteRunnerWorker.java:52)
	at org.testng.SuiteRunnerWorker.run(SuiteRunnerWorker.java:95)
	at org.testng.TestNG.runSuitesSequentially(TestNG.java:1274)
	at org.testng.TestNG.runSuitesLocally(TestNG.java:1208)
	at org.testng.TestNG.runSuites(TestNG.java:1112)
	at org.testng.TestNG.run(TestNG.java:1079)
	at org.apache.maven.surefire.testng.TestNGExecutor.run(TestNGExecutor.java:308)
	at org.apache.maven.surefire.testng.TestNGXmlTestSuite.execute(TestNGXmlTestSuite.java:71)
	at org.apache.maven.surefire.testng.TestNGProvider.invoke(TestNGProvider.java:113)
	at org.apache.maven.surefire.booter.ForkedBooter.runSuitesInProcess(ForkedBooter.java:385)
	at org.apache.maven.surefire.booter.ForkedBooter.execute(ForkedBooter.java:162)
	at org.apache.maven.surefire.booter.ForkedBooter.run(ForkedBooter.java:507)
	at org.apache.maven.surefire.booter.ForkedBooter.main(ForkedBooter.java:495)
]]></failure>
    <system-out><![CDATA[Name of test method started:verify_loginDDT
Name of test method failed:verify_loginDDT
]]></system-out>
  </testcase>
  <testcase name="verify_loginDDT[standard_users, secret_sauces, Invalid](5)" classname="com.swagLabs.testCases.TC_001LoginPageTest" time="20.372">
    <failure message="An exception occurred: no such element: Unable to locate element: {&quot;method&quot;:&quot;css selector&quot;,&quot;selector&quot;:&quot;.title&quot;}&#10;  (Session info: MicrosoftEdge=133.0.3065.82)&#10;For documentation on this error, please visit: https://www.selenium.dev/documentation/webdriver/troubleshooting/errors#no-such-element-exception&#10;Build info: version: &apos;4.28.1&apos;, revision: &apos;73f5ad48a2&apos;&#10;System info: os.name: &apos;Windows 11&apos;, os.arch: &apos;amd64&apos;, os.version: &apos;10.0&apos;, java.version: &apos;17.0.8&apos;&#10;Driver info: org.openqa.selenium.edge.EdgeDriver&#10;Command: [0bcbe5e947babe5075537de2cfd982b5, findElement {using=class name, value=title}]&#10;Capabilities {acceptInsecureCerts: false, browserName: MicrosoftEdge, browserVersion: 133.0.3065.82, fedcm:accounts: true, ms:edgeOptions: {debuggerAddress: localhost:56009}, msedge: {msedgedriverVersion: 133.0.3065.82 (e8aeaf3e0117..., userDataDir: C:\Users\gaura\AppData\Loca...}, networkConnectionEnabled: false, pageLoadStrategy: normal, platformName: windows, proxy: Proxy(), se:cdp: ws://localhost:56009/devtoo..., se:cdpVersion: 133.0.3065.82, setWindowRect: true, strictFileInteractability: false, timeouts: {implicit: 0, pageLoad: 300000, script: 30000}, unhandledPromptBehavior: dismiss and notify, webauthn:extension:credBlob: true, webauthn:extension:largeBlob: true, webauthn:extension:minPinLength: true, webauthn:extension:prf: true, webauthn:virtualAuthenticators: true}&#10;Session ID: 0bcbe5e947babe5075537de2cfd982b5" type="java.lang.AssertionError"><![CDATA[java.lang.AssertionError: 
An exception occurred: no such element: Unable to locate element: {"method":"css selector","selector":".title"}
  (Session info: MicrosoftEdge=133.0.3065.82)
For documentation on this error, please visit: https://www.selenium.dev/documentation/webdriver/troubleshooting/errors#no-such-element-exception
Build info: version: '4.28.1', revision: '73f5ad48a2'
System info: os.name: 'Windows 11', os.arch: 'amd64', os.version: '10.0', java.version: '17.0.8'
Driver info: org.openqa.selenium.edge.EdgeDriver
Command: [0bcbe5e947babe5075537de2cfd982b5, findElement {using=class name, value=title}]
Capabilities {acceptInsecureCerts: false, browserName: MicrosoftEdge, browserVersion: 133.0.3065.82, fedcm:accounts: true, ms:edgeOptions: {debuggerAddress: localhost:56009}, msedge: {msedgedriverVersion: 133.0.3065.82 (e8aeaf3e0117..., userDataDir: C:\Users\gaura\AppData\Loca...}, networkConnectionEnabled: false, pageLoadStrategy: normal, platformName: windows, proxy: Proxy(), se:cdp: ws://localhost:56009/devtoo..., se:cdpVersion: 133.0.3065.82, setWindowRect: true, strictFileInteractability: false, timeouts: {implicit: 0, pageLoad: 300000, script: 30000}, unhandledPromptBehavior: dismiss and notify, webauthn:extension:credBlob: true, webauthn:extension:largeBlob: true, webauthn:extension:minPinLength: true, webauthn:extension:prf: true, webauthn:virtualAuthenticators: true}
Session ID: 0bcbe5e947babe5075537de2cfd982b5
	at org.testng.Assert.fail(Assert.java:111)
	at com.swagLabs.testCases.TC_001LoginPageTest.verify_loginDDT(TC_001LoginPageTest.java:51)
	at java.base/jdk.internal.reflect.NativeMethodAccessorImpl.invoke0(Native Method)
	at java.base/jdk.internal.reflect.NativeMethodAccessorImpl.invoke(NativeMethodAccessorImpl.java:77)
	at java.base/jdk.internal.reflect.DelegatingMethodAccessorImpl.invoke(DelegatingMethodAccessorImpl.java:43)
	at java.base/java.lang.reflect.Method.invoke(Method.java:568)
	at org.testng.internal.invokers.MethodInvocationHelper.invokeMethod(MethodInvocationHelper.java:141)
	at org.testng.internal.invokers.TestInvoker.invokeMethod(TestInvoker.java:687)
	at org.testng.internal.invokers.TestInvoker.invokeTestMethod(TestInvoker.java:230)
	at org.testng.internal.invokers.MethodRunner.runInSequence(MethodRunner.java:63)
	at org.testng.internal.invokers.TestInvoker$MethodInvocationAgent.invoke(TestInvoker.java:995)
	at org.testng.internal.invokers.TestInvoker.invokeTestMethods(TestInvoker.java:203)
	at org.testng.internal.invokers.TestMethodWorker.invokeTestMethods(TestMethodWorker.java:154)
	at org.testng.internal.invokers.TestMethodWorker.run(TestMethodWorker.java:134)
	at java.base/java.util.ArrayList.forEach(ArrayList.java:1511)
	at org.testng.TestRunner.privateRun(TestRunner.java:741)
	at org.testng.TestRunner.run(TestRunner.java:616)
	at org.testng.SuiteRunner.runTest(SuiteRunner.java:421)
	at org.testng.SuiteRunner.runSequentially(SuiteRunner.java:413)
	at org.testng.SuiteRunner.privateRun(SuiteRunner.java:373)
	at org.testng.SuiteRunner.run(SuiteRunner.java:312)
	at org.testng.SuiteRunnerWorker.runSuite(SuiteRunnerWorker.java:52)
	at org.testng.SuiteRunnerWorker.run(SuiteRunnerWorker.java:95)
	at org.testng.TestNG.runSuitesSequentially(TestNG.java:1274)
	at org.testng.TestNG.runSuitesLocally(TestNG.java:1208)
	at org.testng.TestNG.runSuites(TestNG.java:1112)
	at org.testng.TestNG.run(TestNG.java:1079)
	at org.apache.maven.surefire.testng.TestNGExecutor.run(TestNGExecutor.java:308)
	at org.apache.maven.surefire.testng.TestNGXmlTestSuite.execute(TestNGXmlTestSuite.java:71)
	at org.apache.maven.surefire.testng.TestNGProvider.invoke(TestNGProvider.java:113)
	at org.apache.maven.surefire.booter.ForkedBooter.runSuitesInProcess(ForkedBooter.java:385)
	at org.apache.maven.surefire.booter.ForkedBooter.execute(ForkedBooter.java:162)
	at org.apache.maven.surefire.booter.ForkedBooter.run(ForkedBooter.java:507)
	at org.apache.maven.surefire.booter.ForkedBooter.main(ForkedBooter.java:495)
]]></failure>
    <system-out><![CDATA[Name of test method started:verify_loginDDT
Name of test method failed:verify_loginDDT
]]></system-out>
  </testcase>
  <testcase name="verify_loginDDT[, secret_sauces, Invalid](6)" classname="com.swagLabs.testCases.TC_001LoginPageTest" time="20.492">
    <failure message="An exception occurred: no such element: Unable to locate element: {&quot;method&quot;:&quot;css selector&quot;,&quot;selector&quot;:&quot;.title&quot;}&#10;  (Session info: MicrosoftEdge=133.0.3065.82)&#10;For documentation on this error, please visit: https://www.selenium.dev/documentation/webdriver/troubleshooting/errors#no-such-element-exception&#10;Build info: version: &apos;4.28.1&apos;, revision: &apos;73f5ad48a2&apos;&#10;System info: os.name: &apos;Windows 11&apos;, os.arch: &apos;amd64&apos;, os.version: &apos;10.0&apos;, java.version: &apos;17.0.8&apos;&#10;Driver info: org.openqa.selenium.edge.EdgeDriver&#10;Command: [0bcbe5e947babe5075537de2cfd982b5, findElement {using=class name, value=title}]&#10;Capabilities {acceptInsecureCerts: false, browserName: MicrosoftEdge, browserVersion: 133.0.3065.82, fedcm:accounts: true, ms:edgeOptions: {debuggerAddress: localhost:56009}, msedge: {msedgedriverVersion: 133.0.3065.82 (e8aeaf3e0117..., userDataDir: C:\Users\gaura\AppData\Loca...}, networkConnectionEnabled: false, pageLoadStrategy: normal, platformName: windows, proxy: Proxy(), se:cdp: ws://localhost:56009/devtoo..., se:cdpVersion: 133.0.3065.82, setWindowRect: true, strictFileInteractability: false, timeouts: {implicit: 0, pageLoad: 300000, script: 30000}, unhandledPromptBehavior: dismiss and notify, webauthn:extension:credBlob: true, webauthn:extension:largeBlob: true, webauthn:extension:minPinLength: true, webauthn:extension:prf: true, webauthn:virtualAuthenticators: true}&#10;Session ID: 0bcbe5e947babe5075537de2cfd982b5" type="java.lang.AssertionError"><![CDATA[java.lang.AssertionError: 
An exception occurred: no such element: Unable to locate element: {"method":"css selector","selector":".title"}
  (Session info: MicrosoftEdge=133.0.3065.82)
For documentation on this error, please visit: https://www.selenium.dev/documentation/webdriver/troubleshooting/errors#no-such-element-exception
Build info: version: '4.28.1', revision: '73f5ad48a2'
System info: os.name: 'Windows 11', os.arch: 'amd64', os.version: '10.0', java.version: '17.0.8'
Driver info: org.openqa.selenium.edge.EdgeDriver
Command: [0bcbe5e947babe5075537de2cfd982b5, findElement {using=class name, value=title}]
Capabilities {acceptInsecureCerts: false, browserName: MicrosoftEdge, browserVersion: 133.0.3065.82, fedcm:accounts: true, ms:edgeOptions: {debuggerAddress: localhost:56009}, msedge: {msedgedriverVersion: 133.0.3065.82 (e8aeaf3e0117..., userDataDir: C:\Users\gaura\AppData\Loca...}, networkConnectionEnabled: false, pageLoadStrategy: normal, platformName: windows, proxy: Proxy(), se:cdp: ws://localhost:56009/devtoo..., se:cdpVersion: 133.0.3065.82, setWindowRect: true, strictFileInteractability: false, timeouts: {implicit: 0, pageLoad: 300000, script: 30000}, unhandledPromptBehavior: dismiss and notify, webauthn:extension:credBlob: true, webauthn:extension:largeBlob: true, webauthn:extension:minPinLength: true, webauthn:extension:prf: true, webauthn:virtualAuthenticators: true}
Session ID: 0bcbe5e947babe5075537de2cfd982b5
	at org.testng.Assert.fail(Assert.java:111)
	at com.swagLabs.testCases.TC_001LoginPageTest.verify_loginDDT(TC_001LoginPageTest.java:51)
	at java.base/jdk.internal.reflect.NativeMethodAccessorImpl.invoke0(Native Method)
	at java.base/jdk.internal.reflect.NativeMethodAccessorImpl.invoke(NativeMethodAccessorImpl.java:77)
	at java.base/jdk.internal.reflect.DelegatingMethodAccessorImpl.invoke(DelegatingMethodAccessorImpl.java:43)
	at java.base/java.lang.reflect.Method.invoke(Method.java:568)
	at org.testng.internal.invokers.MethodInvocationHelper.invokeMethod(MethodInvocationHelper.java:141)
	at org.testng.internal.invokers.TestInvoker.invokeMethod(TestInvoker.java:687)
	at org.testng.internal.invokers.TestInvoker.invokeTestMethod(TestInvoker.java:230)
	at org.testng.internal.invokers.MethodRunner.runInSequence(MethodRunner.java:63)
	at org.testng.internal.invokers.TestInvoker$MethodInvocationAgent.invoke(TestInvoker.java:995)
	at org.testng.internal.invokers.TestInvoker.invokeTestMethods(TestInvoker.java:203)
	at org.testng.internal.invokers.TestMethodWorker.invokeTestMethods(TestMethodWorker.java:154)
	at org.testng.internal.invokers.TestMethodWorker.run(TestMethodWorker.java:134)
	at java.base/java.util.ArrayList.forEach(ArrayList.java:1511)
	at org.testng.TestRunner.privateRun(TestRunner.java:741)
	at org.testng.TestRunner.run(TestRunner.java:616)
	at org.testng.SuiteRunner.runTest(SuiteRunner.java:421)
	at org.testng.SuiteRunner.runSequentially(SuiteRunner.java:413)
	at org.testng.SuiteRunner.privateRun(SuiteRunner.java:373)
	at org.testng.SuiteRunner.run(SuiteRunner.java:312)
	at org.testng.SuiteRunnerWorker.runSuite(SuiteRunnerWorker.java:52)
	at org.testng.SuiteRunnerWorker.run(SuiteRunnerWorker.java:95)
	at org.testng.TestNG.runSuitesSequentially(TestNG.java:1274)
	at org.testng.TestNG.runSuitesLocally(TestNG.java:1208)
	at org.testng.TestNG.runSuites(TestNG.java:1112)
	at org.testng.TestNG.run(TestNG.java:1079)
	at org.apache.maven.surefire.testng.TestNGExecutor.run(TestNGExecutor.java:308)
	at org.apache.maven.surefire.testng.TestNGXmlTestSuite.execute(TestNGXmlTestSuite.java:71)
	at org.apache.maven.surefire.testng.TestNGProvider.invoke(TestNGProvider.java:113)
	at org.apache.maven.surefire.booter.ForkedBooter.runSuitesInProcess(ForkedBooter.java:385)
	at org.apache.maven.surefire.booter.ForkedBooter.execute(ForkedBooter.java:162)
	at org.apache.maven.surefire.booter.ForkedBooter.run(ForkedBooter.java:507)
	at org.apache.maven.surefire.booter.ForkedBooter.main(ForkedBooter.java:495)
]]></failure>
    <system-out><![CDATA[Name of test method started:verify_loginDDT
Name of test method failed:verify_loginDDT
]]></system-out>
  </testcase>
  <testcase name="verify_loginDDT[gaura_nty, , Invalid](7)" classname="com.swagLabs.testCases.TC_001LoginPageTest" time="20.325">
    <failure message="An exception occurred: no such element: Unable to locate element: {&quot;method&quot;:&quot;css selector&quot;,&quot;selector&quot;:&quot;.title&quot;}&#10;  (Session info: MicrosoftEdge=133.0.3065.82)&#10;For documentation on this error, please visit: https://www.selenium.dev/documentation/webdriver/troubleshooting/errors#no-such-element-exception&#10;Build info: version: &apos;4.28.1&apos;, revision: &apos;73f5ad48a2&apos;&#10;System info: os.name: &apos;Windows 11&apos;, os.arch: &apos;amd64&apos;, os.version: &apos;10.0&apos;, java.version: &apos;17.0.8&apos;&#10;Driver info: org.openqa.selenium.edge.EdgeDriver&#10;Command: [0bcbe5e947babe5075537de2cfd982b5, findElement {using=class name, value=title}]&#10;Capabilities {acceptInsecureCerts: false, browserName: MicrosoftEdge, browserVersion: 133.0.3065.82, fedcm:accounts: true, ms:edgeOptions: {debuggerAddress: localhost:56009}, msedge: {msedgedriverVersion: 133.0.3065.82 (e8aeaf3e0117..., userDataDir: C:\Users\gaura\AppData\Loca...}, networkConnectionEnabled: false, pageLoadStrategy: normal, platformName: windows, proxy: Proxy(), se:cdp: ws://localhost:56009/devtoo..., se:cdpVersion: 133.0.3065.82, setWindowRect: true, strictFileInteractability: false, timeouts: {implicit: 0, pageLoad: 300000, script: 30000}, unhandledPromptBehavior: dismiss and notify, webauthn:extension:credBlob: true, webauthn:extension:largeBlob: true, webauthn:extension:minPinLength: true, webauthn:extension:prf: true, webauthn:virtualAuthenticators: true}&#10;Session ID: 0bcbe5e947babe5075537de2cfd982b5" type="java.lang.AssertionError"><![CDATA[java.lang.AssertionError: 
An exception occurred: no such element: Unable to locate element: {"method":"css selector","selector":".title"}
  (Session info: MicrosoftEdge=133.0.3065.82)
For documentation on this error, please visit: https://www.selenium.dev/documentation/webdriver/troubleshooting/errors#no-such-element-exception
Build info: version: '4.28.1', revision: '73f5ad48a2'
System info: os.name: 'Windows 11', os.arch: 'amd64', os.version: '10.0', java.version: '17.0.8'
Driver info: org.openqa.selenium.edge.EdgeDriver
Command: [0bcbe5e947babe5075537de2cfd982b5, findElement {using=class name, value=title}]
Capabilities {acceptInsecureCerts: false, browserName: MicrosoftEdge, browserVersion: 133.0.3065.82, fedcm:accounts: true, ms:edgeOptions: {debuggerAddress: localhost:56009}, msedge: {msedgedriverVersion: 133.0.3065.82 (e8aeaf3e0117..., userDataDir: C:\Users\gaura\AppData\Loca...}, networkConnectionEnabled: false, pageLoadStrategy: normal, platformName: windows, proxy: Proxy(), se:cdp: ws://localhost:56009/devtoo..., se:cdpVersion: 133.0.3065.82, setWindowRect: true, strictFileInteractability: false, timeouts: {implicit: 0, pageLoad: 300000, script: 30000}, unhandledPromptBehavior: dismiss and notify, webauthn:extension:credBlob: true, webauthn:extension:largeBlob: true, webauthn:extension:minPinLength: true, webauthn:extension:prf: true, webauthn:virtualAuthenticators: true}
Session ID: 0bcbe5e947babe5075537de2cfd982b5
	at org.testng.Assert.fail(Assert.java:111)
	at com.swagLabs.testCases.TC_001LoginPageTest.verify_loginDDT(TC_001LoginPageTest.java:51)
	at java.base/jdk.internal.reflect.NativeMethodAccessorImpl.invoke0(Native Method)
	at java.base/jdk.internal.reflect.NativeMethodAccessorImpl.invoke(NativeMethodAccessorImpl.java:77)
	at java.base/jdk.internal.reflect.DelegatingMethodAccessorImpl.invoke(DelegatingMethodAccessorImpl.java:43)
	at java.base/java.lang.reflect.Method.invoke(Method.java:568)
	at org.testng.internal.invokers.MethodInvocationHelper.invokeMethod(MethodInvocationHelper.java:141)
	at org.testng.internal.invokers.TestInvoker.invokeMethod(TestInvoker.java:687)
	at org.testng.internal.invokers.TestInvoker.invokeTestMethod(TestInvoker.java:230)
	at org.testng.internal.invokers.MethodRunner.runInSequence(MethodRunner.java:63)
	at org.testng.internal.invokers.TestInvoker$MethodInvocationAgent.invoke(TestInvoker.java:995)
	at org.testng.internal.invokers.TestInvoker.invokeTestMethods(TestInvoker.java:203)
	at org.testng.internal.invokers.TestMethodWorker.invokeTestMethods(TestMethodWorker.java:154)
	at org.testng.internal.invokers.TestMethodWorker.run(TestMethodWorker.java:134)
	at java.base/java.util.ArrayList.forEach(ArrayList.java:1511)
	at org.testng.TestRunner.privateRun(TestRunner.java:741)
	at org.testng.TestRunner.run(TestRunner.java:616)
	at org.testng.SuiteRunner.runTest(SuiteRunner.java:421)
	at org.testng.SuiteRunner.runSequentially(SuiteRunner.java:413)
	at org.testng.SuiteRunner.privateRun(SuiteRunner.java:373)
	at org.testng.SuiteRunner.run(SuiteRunner.java:312)
	at org.testng.SuiteRunnerWorker.runSuite(SuiteRunnerWorker.java:52)
	at org.testng.SuiteRunnerWorker.run(SuiteRunnerWorker.java:95)
	at org.testng.TestNG.runSuitesSequentially(TestNG.java:1274)
	at org.testng.TestNG.runSuitesLocally(TestNG.java:1208)
	at org.testng.TestNG.runSuites(TestNG.java:1112)
	at org.testng.TestNG.run(TestNG.java:1079)
	at org.apache.maven.surefire.testng.TestNGExecutor.run(TestNGExecutor.java:308)
	at org.apache.maven.surefire.testng.TestNGXmlTestSuite.execute(TestNGXmlTestSuite.java:71)
	at org.apache.maven.surefire.testng.TestNGProvider.invoke(TestNGProvider.java:113)
	at org.apache.maven.surefire.booter.ForkedBooter.runSuitesInProcess(ForkedBooter.java:385)
	at org.apache.maven.surefire.booter.ForkedBooter.execute(ForkedBooter.java:162)
	at org.apache.maven.surefire.booter.ForkedBooter.run(ForkedBooter.java:507)
	at org.apache.maven.surefire.booter.ForkedBooter.main(ForkedBooter.java:495)
]]></failure>
    <system-out><![CDATA[Name of test method started:verify_loginDDT
Name of test method failed:verify_loginDDT
]]></system-out>
  </testcase>
  <testcase name="setUp" classname="com.swagLabs.testCases.TC_002InventoryPageTest" time="0.012">
    <system-out><![CDATA[Name of test method started:setUp
Name of test method sucessfully executed:setUp
]]></system-out>
    <system-err><![CDATA[Feb 26, 2025 10:47:35 PM org.openqa.selenium.devtools.CdpVersionFinder findNearestMatch
WARNING: Unable to find an exact match for CDP version 133, returning the closest version; found: 132; Please update to a Selenium version that supports CDP version 133
]]></system-err>
  </testcase>
  <testcase name="testSortProducts" classname="com.swagLabs.testCases.TC_002InventoryPageTest" time="0.017">
    <failure message="&#10;Cannot inject @Test annotated Method [testSortProducts] with [class java.lang.String].&#10;For more information on native dependency injection please refer to https://testng.org/#_dependency_injection" type="org.testng.TestNGException"><![CDATA[org.testng.TestNGException: 

Cannot inject @Test annotated Method [testSortProducts] with [class java.lang.String].
For more information on native dependency injection please refer to https://testng.org/#_dependency_injection
	at org.testng.internal.Parameters.checkParameterTypes(Parameters.java:442)
	at org.testng.internal.Parameters.createParametersForMethod(Parameters.java:347)
	at org.testng.internal.Parameters.createParameters(Parameters.java:699)
	at org.testng.internal.Parameters.handleParameters(Parameters.java:885)
	at org.testng.internal.Parameters.handleParameters(Parameters.java:734)
	at org.testng.internal.invokers.ParameterHandler.handleParameters(ParameterHandler.java:72)
	at org.testng.internal.invokers.ParameterHandler.createParameters(ParameterHandler.java:51)
	at org.testng.internal.invokers.TestInvoker$MethodInvocationAgent.invoke(TestInvoker.java:949)
	at org.testng.internal.invokers.TestInvoker.invokeTestMethods(TestInvoker.java:203)
	at org.testng.internal.invokers.TestMethodWorker.invokeTestMethods(TestMethodWorker.java:154)
	at org.testng.internal.invokers.TestMethodWorker.run(TestMethodWorker.java:134)
	at java.base/java.util.ArrayList.forEach(ArrayList.java:1511)
	at org.testng.TestRunner.privateRun(TestRunner.java:741)
	at org.testng.TestRunner.run(TestRunner.java:616)
	at org.testng.SuiteRunner.runTest(SuiteRunner.java:421)
	at org.testng.SuiteRunner.runSequentially(SuiteRunner.java:413)
	at org.testng.SuiteRunner.privateRun(SuiteRunner.java:373)
	at org.testng.SuiteRunner.run(SuiteRunner.java:312)
	at org.testng.SuiteRunnerWorker.runSuite(SuiteRunnerWorker.java:52)
	at org.testng.SuiteRunnerWorker.run(SuiteRunnerWorker.java:95)
	at org.testng.TestNG.runSuitesSequentially(TestNG.java:1274)
	at org.testng.TestNG.runSuitesLocally(TestNG.java:1208)
	at org.testng.TestNG.runSuites(TestNG.java:1112)
	at org.testng.TestNG.run(TestNG.java:1079)
	at org.apache.maven.surefire.testng.TestNGExecutor.run(TestNGExecutor.java:308)
	at org.apache.maven.surefire.testng.TestNGXmlTestSuite.execute(TestNGXmlTestSuite.java:71)
	at org.apache.maven.surefire.testng.TestNGProvider.invoke(TestNGProvider.java:113)
	at org.apache.maven.surefire.booter.ForkedBooter.runSuitesInProcess(ForkedBooter.java:385)
	at org.apache.maven.surefire.booter.ForkedBooter.execute(ForkedBooter.java:162)
	at org.apache.maven.surefire.booter.ForkedBooter.run(ForkedBooter.java:507)
	at org.apache.maven.surefire.booter.ForkedBooter.main(ForkedBooter.java:495)
]]></failure>
    <system-out><![CDATA[Name of test method failed:testSortProducts
]]></system-out>
  </testcase>
  <testcase name="testPageTitleIsDisplayed" classname="com.swagLabs.testCases.TC_002InventoryPageTest" time="0.091">
    <system-out><![CDATA[Name of test method started:testPageTitleIsDisplayed
Name of test method sucessfully executed:testPageTitleIsDisplayed
]]></system-out>
  </testcase>
  <testcase name="addProductsToCart" classname="com.swagLabs.testCases.TC_002InventoryPageTest" time="0.763">
    <system-out><![CDATA[Name of test method started:addProductsToCart
Name of test method sucessfully executed:addProductsToCart
]]></system-out>
  </testcase>
  <testcase name="setUp" classname="com.swagLabs.testCases.TC_003YourCartPageTest" time="0.01">
    <system-out><![CDATA[Name of test method started:setUp
Name of test method sucessfully executed:setUp
]]></system-out>
    <system-err><![CDATA[Feb 26, 2025 10:47:40 PM org.openqa.selenium.devtools.CdpVersionFinder findNearestMatch
WARNING: Unable to find an exact match for CDP version 133, returning the closest version; found: 132; Please update to a Selenium version that supports CDP version 133
]]></system-err>
  </testcase>
  <testcase name="testAddMultipleProductsToCart" classname="com.swagLabs.testCases.TC_003YourCartPageTest" time="0.885">
    <system-out><![CDATA[Name of test method started:testAddMultipleProductsToCart
Name of test method sucessfully executed:testAddMultipleProductsToCart
]]></system-out>
  </testcase>
  <testcase name="testCheckout" classname="com.swagLabs.testCases.TC_003YourCartPageTest" time="20.061">
    <failure message="Expected condition failed: waiting for visibility of element located by By.xpath: //div[@class=&apos;inventory_item&apos;] (tried for 10 second(s) with 500 milliseconds interval)&#10;Build info: version: &apos;4.28.1&apos;, revision: &apos;73f5ad48a2&apos;&#10;System info: os.name: &apos;Windows 11&apos;, os.arch: &apos;amd64&apos;, os.version: &apos;10.0&apos;, java.version: &apos;17.0.8&apos;&#10;Driver info: org.openqa.selenium.edge.EdgeDriver&#10;Capabilities {acceptInsecureCerts: false, browserName: MicrosoftEdge, browserVersion: 133.0.3065.82, fedcm:accounts: true, ms:edgeOptions: {debuggerAddress: localhost:56139}, msedge: {msedgedriverVersion: 133.0.3065.82 (e8aeaf3e0117..., userDataDir: C:\Users\gaura\AppData\Loca...}, networkConnectionEnabled: false, pageLoadStrategy: normal, platformName: windows, proxy: Proxy(), se:cdp: ws://localhost:56139/devtoo..., se:cdpVersion: 133.0.3065.82, setWindowRect: true, strictFileInteractability: false, timeouts: {implicit: 0, pageLoad: 300000, script: 30000}, unhandledPromptBehavior: dismiss and notify, webauthn:extension:credBlob: true, webauthn:extension:largeBlob: true, webauthn:extension:minPinLength: true, webauthn:extension:prf: true, webauthn:virtualAuthenticators: true}&#10;Session ID: 279bb31c593e7a08e492da7fd79840a1" type="org.openqa.selenium.TimeoutException"><![CDATA[org.openqa.selenium.TimeoutException: 
Expected condition failed: waiting for visibility of element located by By.xpath: //div[@class='inventory_item'] (tried for 10 second(s) with 500 milliseconds interval)
Build info: version: '4.28.1', revision: '73f5ad48a2'
System info: os.name: 'Windows 11', os.arch: 'amd64', os.version: '10.0', java.version: '17.0.8'
Driver info: org.openqa.selenium.edge.EdgeDriver
Capabilities {acceptInsecureCerts: false, browserName: MicrosoftEdge, browserVersion: 133.0.3065.82, fedcm:accounts: true, ms:edgeOptions: {debuggerAddress: localhost:56139}, msedge: {msedgedriverVersion: 133.0.3065.82 (e8aeaf3e0117..., userDataDir: C:\Users\gaura\AppData\Loca...}, networkConnectionEnabled: false, pageLoadStrategy: normal, platformName: windows, proxy: Proxy(), se:cdp: ws://localhost:56139/devtoo..., se:cdpVersion: 133.0.3065.82, setWindowRect: true, strictFileInteractability: false, timeouts: {implicit: 0, pageLoad: 300000, script: 30000}, unhandledPromptBehavior: dismiss and notify, webauthn:extension:credBlob: true, webauthn:extension:largeBlob: true, webauthn:extension:minPinLength: true, webauthn:extension:prf: true, webauthn:virtualAuthenticators: true}
Session ID: 279bb31c593e7a08e492da7fd79840a1
	at org.openqa.selenium.support.ui.WebDriverWait.timeoutException(WebDriverWait.java:84)
	at org.openqa.selenium.support.ui.FluentWait.until(FluentWait.java:228)
	at com.swagLabs.pageObjects.BasePage.toAppear(BasePage.java:37)
	at com.swagLabs.pageObjects.InventoryPage.getProductList(InventoryPage.java:43)
	at com.swagLabs.pageObjects.InventoryPage.getProductName(InventoryPage.java:49)
	at com.swagLabs.pageObjects.InventoryPage.addProductToCart(InventoryPage.java:58)
	at com.swagLabs.testCases.TC_003YourCartPageTest.testCheckout(TC_003YourCartPageTest.java:58)
	at java.base/jdk.internal.reflect.NativeMethodAccessorImpl.invoke0(Native Method)
	at java.base/jdk.internal.reflect.NativeMethodAccessorImpl.invoke(NativeMethodAccessorImpl.java:77)
	at java.base/jdk.internal.reflect.DelegatingMethodAccessorImpl.invoke(DelegatingMethodAccessorImpl.java:43)
	at java.base/java.lang.reflect.Method.invoke(Method.java:568)
	at org.testng.internal.invokers.MethodInvocationHelper.invokeMethod(MethodInvocationHelper.java:141)
	at org.testng.internal.invokers.TestInvoker.invokeMethod(TestInvoker.java:687)
	at org.testng.internal.invokers.TestInvoker.invokeTestMethod(TestInvoker.java:230)
	at org.testng.internal.invokers.MethodRunner.runInSequence(MethodRunner.java:63)
	at org.testng.internal.invokers.TestInvoker$MethodInvocationAgent.invoke(TestInvoker.java:995)
	at org.testng.internal.invokers.TestInvoker.invokeTestMethods(TestInvoker.java:203)
	at org.testng.internal.invokers.TestMethodWorker.invokeTestMethods(TestMethodWorker.java:154)
	at org.testng.internal.invokers.TestMethodWorker.run(TestMethodWorker.java:134)
	at java.base/java.util.ArrayList.forEach(ArrayList.java:1511)
	at org.testng.TestRunner.privateRun(TestRunner.java:741)
	at org.testng.TestRunner.run(TestRunner.java:616)
	at org.testng.SuiteRunner.runTest(SuiteRunner.java:421)
	at org.testng.SuiteRunner.runSequentially(SuiteRunner.java:413)
	at org.testng.SuiteRunner.privateRun(SuiteRunner.java:373)
	at org.testng.SuiteRunner.run(SuiteRunner.java:312)
	at org.testng.SuiteRunnerWorker.runSuite(SuiteRunnerWorker.java:52)
	at org.testng.SuiteRunnerWorker.run(SuiteRunnerWorker.java:95)
	at org.testng.TestNG.runSuitesSequentially(TestNG.java:1274)
	at org.testng.TestNG.runSuitesLocally(TestNG.java:1208)
	at org.testng.TestNG.runSuites(TestNG.java:1112)
	at org.testng.TestNG.run(TestNG.java:1079)
	at org.apache.maven.surefire.testng.TestNGExecutor.run(TestNGExecutor.java:308)
	at org.apache.maven.surefire.testng.TestNGXmlTestSuite.execute(TestNGXmlTestSuite.java:71)
	at org.apache.maven.surefire.testng.TestNGProvider.invoke(TestNGProvider.java:113)
	at org.apache.maven.surefire.booter.ForkedBooter.runSuitesInProcess(ForkedBooter.java:385)
	at org.apache.maven.surefire.booter.ForkedBooter.execute(ForkedBooter.java:162)
	at org.apache.maven.surefire.booter.ForkedBooter.run(ForkedBooter.java:507)
	at org.apache.maven.surefire.booter.ForkedBooter.main(ForkedBooter.java:495)
]]></failure>
    <system-out><![CDATA[Name of test method started:testCheckout
Name of test method failed:testCheckout
]]></system-out>
  </testcase>
  <testcase name="testCheckOutPageHeading" classname="com.swagLabs.testCases.TC_004CheckoutYourInformationPageTest" time="0.027">
    <system-out><![CDATA[Name of test method started:testCheckOutPageHeading
Name of test method sucessfully executed:testCheckOutPageHeading
]]></system-out>
    <system-err><![CDATA[Feb 26, 2025 10:48:05 PM org.openqa.selenium.devtools.CdpVersionFinder findNearestMatch
WARNING: Unable to find an exact match for CDP version 133, returning the closest version; found: 132; Please update to a Selenium version that supports CDP version 133
]]></system-err>
  </testcase>
  <testcase name="testFillCheckoutFormAndContinue" classname="com.swagLabs.testCases.TC_004CheckoutYourInformationPageTest" time="0.318">
    <system-out><![CDATA[Name of test method started:testFillCheckoutFormAndContinue
Name of test method sucessfully executed:testFillCheckoutFormAndContinue
]]></system-out>
  </testcase>
  <testcase name="testPriceTotal" classname="com.swagLabs.testCases.TC_005CheckoutOverviewPageTest" time="0.17">
    <system-out><![CDATA[Name of test method started:testPriceTotal
45.98
3.68
Name of test method sucessfully executed:testPriceTotal
]]></system-out>
    <system-err><![CDATA[Feb 26, 2025 10:48:10 PM org.openqa.selenium.devtools.CdpVersionFinder findNearestMatch
WARNING: Unable to find an exact match for CDP version 133, returning the closest version; found: 132; Please update to a Selenium version that supports CDP version 133
]]></system-err>
  </testcase>
</testsuite>