<?xml version="1.0" encoding="UTF-8"?>
<testng-results ignored="0" total="3" passed="3" failed="0" skipped="0">
  <reporter-output>
  </reporter-output>
  <suite started-at="2025-02-27T23:12:36 IST" name="Default suite" finished-at="2025-02-27T23:12:43 IST" duration-ms="6635">
    <groups>
    </groups>
    <test started-at="2025-02-27T23:12:36 IST" name="Default test" finished-at="2025-02-27T23:12:43 IST" duration-ms="6635">
      <class name="com.swagLabs.testCases.TC_006ConfirmationPageTest">
        <test-method is-config="true" signature="setup()[pri:0, instance:com.swagLabs.testCases.TC_006ConfirmationPageTest@6e2829c7]" started-at="2025-02-27T23:12:36 IST" name="setup" finished-at="2025-02-27T23:12:41 IST" duration-ms="4719" status="PASS">
          <reporter-output>
          </reporter-output>
        </test-method> <!-- setup -->
        <test-method is-config="true" signature="setUp()[pri:0, instance:com.swagLabs.testCases.TC_006ConfirmationPageTest@6e2829c7]" started-at="2025-02-27T23:12:41 IST" name="setUp" finished-at="2025-02-27T23:12:42 IST" duration-ms="1630" status="PASS">
          <reporter-output>
          </reporter-output>
        </test-method> <!-- setUp -->
        <test-method signature="logoVerification()[pri:1, instance:com.swagLabs.testCases.TC_006ConfirmationPageTest@6e2829c7]" started-at="2025-02-27T23:12:42 IST" name="logoVerification" finished-at="2025-02-27T23:12:43 IST" duration-ms="82" status="PASS">
          <reporter-output>
          </reporter-output>
        </test-method> <!-- logoVerification -->
        <test-method signature="confirmationMessage()[pri:2, instance:com.swagLabs.testCases.TC_006ConfirmationPageTest@6e2829c7]" started-at="2025-02-27T23:12:43 IST" name="confirmationMessage" finished-at="2025-02-27T23:12:43 IST" duration-ms="48" status="PASS">
          <reporter-output>
          </reporter-output>
        </test-method> <!-- confirmationMessage -->
        <test-method signature="backHome()[pri:3, instance:com.swagLabs.testCases.TC_006ConfirmationPageTest@6e2829c7]" started-at="2025-02-27T23:12:43 IST" name="backHome" finished-at="2025-02-27T23:12:43 IST" duration-ms="87" status="PASS">
          <reporter-output>
          </reporter-output>
        </test-method> <!-- backHome -->
      </class> <!-- com.swagLabs.testCases.TC_006ConfirmationPageTest -->
    </test> <!-- Default test -->
  </suite> <!-- Default suite -->
</testng-results>
